  main.cpp
G:\Github\LearnOpengl\OpenGLLearning\OpenGLLearning\shader.h(56,40): warning C4101: “e”: 未引用的局部变量
G:\Github\LearnOpengl\OpenGLLearning\OpenGLLearning\main.cpp(212,28): warning C4244: “初始化”: 从“double”转换到“float”，可能丢失数据
G:\Github\LearnOpengl\OpenGLLearning\OpenGLLearning\main.cpp(225,27): warning C4244: “=”: 从“double”转换到“T”，可能丢失数据
          with
          [
              T=float
          ]
G:\Github\LearnOpengl\OpenGLLearning\OpenGLLearning\main.cpp(226,25): warning C4244: “=”: 从“double”转换到“T”，可能丢失数据
          with
          [
              T=float
          ]
G:\Github\LearnOpengl\OpenGLLearning\OpenGLLearning\main.cpp(328,17): warning C4244: “=”: 从“double”转换到“float”，可能丢失数据
G:\Github\LearnOpengl\OpenGLLearning\OpenGLLearning\main.cpp(329,17): warning C4244: “=”: 从“double”转换到“float”，可能丢失数据
G:\Github\LearnOpengl\OpenGLLearning\OpenGLLearning\main.cpp(333,19): warning C4244: “初始化”: 从“double”转换到“float”，可能丢失数据
G:\Github\LearnOpengl\OpenGLLearning\OpenGLLearning\main.cpp(334,19): warning C4244: “初始化”: 从“double”转换到“float”，可能丢失数据
G:\Github\LearnOpengl\OpenGLLearning\OpenGLLearning\main.cpp(336,13): warning C4244: “=”: 从“double”转换到“float”，可能丢失数据
G:\Github\LearnOpengl\OpenGLLearning\OpenGLLearning\main.cpp(337,13): warning C4244: “=”: 从“double”转换到“float”，可能丢失数据
G:\Github\LearnOpengl\OpenGLLearning\OpenGLLearning\main.cpp(346,31): warning C4244: “参数”: 从“double”转换到“float”，可能丢失数据
  OpenGLLearning.vcxproj -> G:\Github\LearnOpengl\OpenGLLearning\OpenGLLearning\Debug\OpenGLLearning.exe
